build/app/intermediates/manifest_merge_blame_file/release/manifest-merger-blame-release-report.txt
1<?xml version="1.0" encoding="utf-8"?>
2<manifest xmlns:android="http://schemas.android.com/apk/res/android"
3    package="com.example.demo"
4    android:versionCode="1"
5    android:versionName="1.0.0" >
6
7    <uses-sdk
8        android:minSdkVersion="19"
8-->src/main/AndroidManifest.xml
9        android:targetSdkVersion="31" />
9-->src/main/AndroidManifest.xml
10
11    <queries>
11-->[:flutter_inappwebview] AndroidManifest.xml:7:5-11:15
12        <intent>
12-->[:flutter_inappwebview] AndroidManifest.xml:8:9-10:18
13            <action android:name="android.support.customtabs.action.CustomTabsService" />
13-->[:flutter_inappwebview] AndroidManifest.xml:9:13-90
13-->[:flutter_inappwebview] AndroidManifest.xml:9:21-87
14        </intent>
15    </queries> <!-- Although the *SdkVersion is captured in gradle build files, this is required for non gradle builds -->
16    <!-- <uses-sdk android:minSdkVersion="14" /> -->
17    <uses-permission android:name="android.permission.ACCESS_NETWORK_STATE" />
17-->[com.google.firebase:firebase-firestore:24.1.2] AndroidManifest.xml:13:5-79
17-->[com.google.firebase:firebase-firestore:24.1.2] AndroidManifest.xml:13:22-76
18    <uses-permission android:name="android.permission.INTERNET" />
18-->[com.google.firebase:firebase-firestore:24.1.2] AndroidManifest.xml:14:5-67
18-->[com.google.firebase:firebase-firestore:24.1.2] AndroidManifest.xml:14:22-64
19
20    <application
21        android:name="android.app.Application"
21-->src/main/AndroidManifest.xml:5:9-42
22        android:appComponentFactory="androidx.core.app.CoreComponentFactory"
22-->[androidx.core:core:1.7.0] AndroidManifest.xml:24:18-86
23        android:icon="@mipmap/logo"
23-->src/main/AndroidManifest.xml:6:9-36
24        android:label="demo" >
24-->src/main/AndroidManifest.xml:4:9-29
25        <activity
25-->src/main/AndroidManifest.xml:7:9-27:20
26            android:name="com.example.demo.MainActivity"
26-->src/main/AndroidManifest.xml:8:13-41
27            android:configChanges="orientation|keyboardHidden|keyboard|screenSize|smallestScreenSize|locale|layoutDirection|fontScale|screenLayout|density|uiMode"
27-->src/main/AndroidManifest.xml:12:13-163
28            android:exported="true"
28-->src/main/AndroidManifest.xml:9:13-36
29            android:hardwareAccelerated="true"
29-->src/main/AndroidManifest.xml:13:13-47
30            android:launchMode="singleTop"
30-->src/main/AndroidManifest.xml:10:13-43
31            android:theme="@style/LaunchTheme"
31-->src/main/AndroidManifest.xml:11:13-47
32            android:windowSoftInputMode="adjustResize" >
32-->src/main/AndroidManifest.xml:14:13-55
33
34            <!--
35                 Specifies an Android theme to apply to this Activity as soon as
36                 the Android process has started. This theme is visible to the user
37                 while the Flutter UI initializes. After that, this theme continues
38                 to determine the Window background behind the Flutter UI.
39            -->
40            <meta-data
40-->src/main/AndroidManifest.xml:19:13-22:17
41                android:name="io.flutter.embedding.android.NormalTheme"
41-->src/main/AndroidManifest.xml:20:15-70
42                android:resource="@style/NormalTheme" />
42-->src/main/AndroidManifest.xml:21:15-52
43
44            <intent-filter>
44-->src/main/AndroidManifest.xml:23:13-26:29
45                <action android:name="android.intent.action.MAIN" />
45-->src/main/AndroidManifest.xml:24:17-68
45-->src/main/AndroidManifest.xml:24:25-66
46
47                <category android:name="android.intent.category.LAUNCHER" />
47-->src/main/AndroidManifest.xml:25:17-76
47-->src/main/AndroidManifest.xml:25:27-74
48            </intent-filter>
49        </activity>
50        <!--
51             Don't delete the meta-data below.
52             This is used by the Flutter tool to generate GeneratedPluginRegistrant.java
53        -->
54        <meta-data
54-->src/main/AndroidManifest.xml:30:9-32:33
55            android:name="flutterEmbedding"
55-->src/main/AndroidManifest.xml:31:13-44
56            android:value="2" />
56-->src/main/AndroidManifest.xml:32:13-30
57
58        <service
58-->[:cloud_firestore] AndroidManifest.xml:8:9-12:19
59            android:name="com.google.firebase.components.ComponentDiscoveryService"
59-->[:cloud_firestore] AndroidManifest.xml:8:18-89
60            android:directBootAware="true"
60-->[com.google.firebase:firebase-common:20.1.1] AndroidManifest.xml:35:13-43
61            android:exported="false" >
61-->[com.google.firebase:firebase-firestore:24.1.2] AndroidManifest.xml:19:13-37
62            <meta-data
62-->[:cloud_firestore] AndroidManifest.xml:9:13-11:85
63                android:name="com.google.firebase.components:io.flutter.plugins.firebase.firestore.FlutterFirebaseFirestoreRegistrar"
63-->[:cloud_firestore] AndroidManifest.xml:10:17-134
64                android:value="com.google.firebase.components.ComponentRegistrar" />
64-->[:cloud_firestore] AndroidManifest.xml:11:17-82
65            <meta-data
65-->[:firebase_core] AndroidManifest.xml:9:13-11:85
66                android:name="com.google.firebase.components:io.flutter.plugins.firebase.core.FlutterFirebaseCoreRegistrar"
66-->[:firebase_core] AndroidManifest.xml:10:17-124
67                android:value="com.google.firebase.components.ComponentRegistrar" />
67-->[:firebase_core] AndroidManifest.xml:11:17-82
68            <meta-data
68-->[com.google.firebase:firebase-firestore:24.1.2] AndroidManifest.xml:20:13-22:85
69                android:name="com.google.firebase.components:com.google.firebase.firestore.FirestoreRegistrar"
69-->[com.google.firebase:firebase-firestore:24.1.2] AndroidManifest.xml:21:17-111
70                android:value="com.google.firebase.components.ComponentRegistrar" />
70-->[com.google.firebase:firebase-firestore:24.1.2] AndroidManifest.xml:22:17-82
71        </service>
72
73        <activity
73-->[:flutter_inappwebview] AndroidManifest.xml:14:9-18:47
74            android:name="com.pichillilorenzo.flutter_inappwebview.in_app_browser.InAppBrowserActivity"
74-->[:flutter_inappwebview] AndroidManifest.xml:15:13-104
75            android:configChanges="orientation|keyboardHidden|keyboard|screenSize|locale|layoutDirection|fontScale|screenLayout|density"
75-->[:flutter_inappwebview] AndroidManifest.xml:16:13-137
76            android:exported="true"
76-->[:flutter_inappwebview] AndroidManifest.xml:17:13-36
77            android:theme="@style/AppTheme" />
77-->[:flutter_inappwebview] AndroidManifest.xml:18:13-44
78        <activity
78-->[:flutter_inappwebview] AndroidManifest.xml:19:9-22:55
79            android:name="com.pichillilorenzo.flutter_inappwebview.chrome_custom_tabs.ChromeCustomTabsActivity"
79-->[:flutter_inappwebview] AndroidManifest.xml:20:13-112
80            android:exported="true"
80-->[:flutter_inappwebview] AndroidManifest.xml:21:13-36
81            android:theme="@style/ThemeTransparent" />
81-->[:flutter_inappwebview] AndroidManifest.xml:22:13-52
82        <activity
82-->[:flutter_inappwebview] AndroidManifest.xml:23:9-26:55
83            android:name="com.pichillilorenzo.flutter_inappwebview.chrome_custom_tabs.TrustedWebActivity"
83-->[:flutter_inappwebview] AndroidManifest.xml:24:13-106
84            android:exported="true"
84-->[:flutter_inappwebview] AndroidManifest.xml:25:13-36
85            android:theme="@style/ThemeTransparent" />
85-->[:flutter_inappwebview] AndroidManifest.xml:26:13-52
86        <activity
86-->[:flutter_inappwebview] AndroidManifest.xml:27:9-31:55
87            android:name="com.pichillilorenzo.flutter_inappwebview.chrome_custom_tabs.ChromeCustomTabsActivitySingleInstance"
87-->[:flutter_inappwebview] AndroidManifest.xml:28:13-126
88            android:exported="true"
88-->[:flutter_inappwebview] AndroidManifest.xml:29:13-36
89            android:launchMode="singleInstance"
89-->[:flutter_inappwebview] AndroidManifest.xml:30:13-48
90            android:theme="@style/ThemeTransparent" />
90-->[:flutter_inappwebview] AndroidManifest.xml:31:13-52
91        <activity
91-->[:flutter_inappwebview] AndroidManifest.xml:32:9-36:55
92            android:name="com.pichillilorenzo.flutter_inappwebview.chrome_custom_tabs.TrustedWebActivitySingleInstance"
92-->[:flutter_inappwebview] AndroidManifest.xml:33:13-120
93            android:exported="true"
93-->[:flutter_inappwebview] AndroidManifest.xml:34:13-36
94            android:launchMode="singleInstance"
94-->[:flutter_inappwebview] AndroidManifest.xml:35:13-48
95            android:theme="@style/ThemeTransparent" />
95-->[:flutter_inappwebview] AndroidManifest.xml:36:13-52
96
97        <receiver
97-->[:flutter_inappwebview] AndroidManifest.xml:38:9-41:40
98            android:name="com.pichillilorenzo.flutter_inappwebview.chrome_custom_tabs.ActionBroadcastReceiver"
98-->[:flutter_inappwebview] AndroidManifest.xml:39:13-111
99            android:enabled="true"
99-->[:flutter_inappwebview] AndroidManifest.xml:40:13-35
100            android:exported="false" />
100-->[:flutter_inappwebview] AndroidManifest.xml:41:13-37
101
102        <meta-data
102-->[:flutter_inappwebview] AndroidManifest.xml:43:9-45:36
103            android:name="io.flutter.embedded_views_preview"
103-->[:flutter_inappwebview] AndroidManifest.xml:44:13-61
104            android:value="true" />
104-->[:flutter_inappwebview] AndroidManifest.xml:45:13-33
105
106        <uses-library
106-->[androidx.window:window:1.0.0-beta04] AndroidManifest.xml:25:9-27:40
107            android:name="androidx.window.extensions"
107-->[androidx.window:window:1.0.0-beta04] AndroidManifest.xml:26:13-54
108            android:required="false" />
108-->[androidx.window:window:1.0.0-beta04] AndroidManifest.xml:27:13-37
109        <uses-library
109-->[androidx.window:window:1.0.0-beta04] AndroidManifest.xml:28:9-30:40
110            android:name="androidx.window.sidecar"
110-->[androidx.window:window:1.0.0-beta04] AndroidManifest.xml:29:13-51
111            android:required="false" />
111-->[androidx.window:window:1.0.0-beta04] AndroidManifest.xml:30:13-37
112
113        <provider
113-->[com.google.firebase:firebase-common:20.1.1] AndroidManifest.xml:26:9-31:39
114            android:name="com.google.firebase.provider.FirebaseInitProvider"
114-->[com.google.firebase:firebase-common:20.1.1] AndroidManifest.xml:27:13-77
115            android:authorities="com.example.demo.firebaseinitprovider"
115-->[com.google.firebase:firebase-common:20.1.1] AndroidManifest.xml:28:13-72
116            android:directBootAware="true"
116-->[com.google.firebase:firebase-common:20.1.1] AndroidManifest.xml:29:13-43
117            android:exported="false"
117-->[com.google.firebase:firebase-common:20.1.1] AndroidManifest.xml:30:13-37
118            android:initOrder="100" />
118-->[com.google.firebase:firebase-common:20.1.1] AndroidManifest.xml:31:13-36
119
120        <activity
120-->[com.google.android.gms:play-services-base:18.0.1] AndroidManifest.xml:20:9-22:45
121            android:name="com.google.android.gms.common.api.GoogleApiActivity"
121-->[com.google.android.gms:play-services-base:18.0.1] AndroidManifest.xml:20:19-85
122            android:exported="false"
122-->[com.google.android.gms:play-services-base:18.0.1] AndroidManifest.xml:22:19-43
123            android:theme="@android:style/Theme.Translucent.NoTitleBar" />
123-->[com.google.android.gms:play-services-base:18.0.1] AndroidManifest.xml:21:19-78
124
125        <meta-data
125-->[com.google.android.gms:play-services-basement:18.0.0] AndroidManifest.xml:21:9-23:69
126            android:name="com.google.android.gms.version"
126-->[com.google.android.gms:play-services-basement:18.0.0] AndroidManifest.xml:22:13-58
127            android:value="@integer/google_play_services_version" />
127-->[com.google.android.gms:play-services-basement:18.0.0] AndroidManifest.xml:23:13-66
128
129        <provider
129-->[androidx.emoji2:emoji2:1.0.0] AndroidManifest.xml:26:9-34:20
130            android:name="androidx.startup.InitializationProvider"
130-->[androidx.emoji2:emoji2:1.0.0] AndroidManifest.xml:27:13-67
131            android:authorities="com.example.demo.androidx-startup"
131-->[androidx.emoji2:emoji2:1.0.0] AndroidManifest.xml:28:13-68
132            android:exported="false" >
132-->[androidx.emoji2:emoji2:1.0.0] AndroidManifest.xml:29:13-37
133            <meta-data
133-->[androidx.emoji2:emoji2:1.0.0] AndroidManifest.xml:31:13-33:52
134                android:name="androidx.emoji2.text.EmojiCompatInitializer"
134-->[androidx.emoji2:emoji2:1.0.0] AndroidManifest.xml:32:17-75
135                android:value="androidx.startup" />
135-->[androidx.emoji2:emoji2:1.0.0] AndroidManifest.xml:33:17-49
136            <meta-data
136-->[androidx.lifecycle:lifecycle-process:2.4.0] AndroidManifest.xml:31:13-33:52
137                android:name="androidx.lifecycle.ProcessLifecycleInitializer"
137-->[androidx.lifecycle:lifecycle-process:2.4.0] AndroidManifest.xml:32:17-78
138                android:value="androidx.startup" />
138-->[androidx.lifecycle:lifecycle-process:2.4.0] AndroidManifest.xml:33:17-49
139        </provider>
140    </application>
141
142</manifest>